*** Starting uWSGI 2.0.18 (64bit) on [Fri Nov 15 20:11:39 2019] ***
compiled with version: 7.4.0 on 15 November 2019 07:01:02
os: Linux-4.15.0-52-generic #56-Ubuntu SMP Tue Jun 4 22:49:08 UTC 2019
nodename: ubuntu
machine: x86_64
clock source: unix
detected number of CPU cores: 1
current working directory: /root/code/py/haiway_ide
detected binary path: /usr/local/bin/uwsgi
!!! no internal routing support, rebuild with pcre support !!!
uWSGI running as root, you can use --uid/--gid/--chroot options
*** WARNING: you are running uWSGI as root !!! (use the --uid flag) *** 
chdir() to /root/code/py/haiway_ide/
your processes number limit is 7800
your memory page size is 4096 bytes
detected max file descriptor number: 65535
lock engine: pthread robust mutexes
thunder lock: disabled (you can enable it with --thunder-lock)
uWSGI http bound on :8010 fd 3
uwsgi socket 0 bound to TCP address 127.0.0.1:8001 fd 6
uWSGI running as root, you can use --uid/--gid/--chroot options
*** WARNING: you are running uWSGI as root !!! (use the --uid flag) *** 
Python version: 3.6.8 (default, Oct  7 2019, 12:59:55)  [GCC 8.3.0]
Python main interpreter initialized at 0x55ce64f553c0
uWSGI running as root, you can use --uid/--gid/--chroot options
*** WARNING: you are running uWSGI as root !!! (use the --uid flag) *** 
python threads support enabled
your server socket listen backlog is limited to 100 connections
your mercy for graceful operations on workers is 60 seconds
mapped 416720 bytes (406 KB) for 8 cores
*** Operational MODE: preforking+threaded ***
WSGI app 0 (mountpoint='') ready in 0 seconds on interpreter 0x55ce64f553c0 pid: 5883 (default app)
uWSGI running as root, you can use --uid/--gid/--chroot options
*** WARNING: you are running uWSGI as root !!! (use the --uid flag) *** 
*** uWSGI is running in multiple interpreter mode ***
spawned uWSGI master process (pid: 5883)
spawned uWSGI worker 1 (pid: 5885, cores: 2)
spawned uWSGI worker 2 (pid: 5886, cores: 2)
spawned uWSGI worker 3 (pid: 5887, cores: 2)
spawned uWSGI worker 4 (pid: 5888, cores: 2)
*** Stats server enabled on 127.0.0.1:9191 fd: 18 ***
spawned uWSGI http 1 (pid: 5889)
Fri Nov 15 12:12:52 2019 - *** /root/code/py/haiway_ide/ has been touched... grace them all !!! ***
gateway "uWSGI http 1" has been buried (pid: 5889)
...gracefully killing workers...
Gracefully killing worker 1 (pid: 5885)...
Gracefully killing worker 2 (pid: 5886)...
Gracefully killing worker 3 (pid: 5887)...
Gracefully killing worker 4 (pid: 5888)...
worker 1 buried after 1 seconds
worker 2 buried after 1 seconds
worker 3 buried after 1 seconds
worker 4 buried after 1 seconds
binary reloading uWSGI...
chdir() to /root/code/py/haiway_ide
closing all non-uwsgi socket fds > 2 (max_fd = 65535)...
found fd 6 mapped to socket 0 (127.0.0.1:8001)
running /usr/local/bin/uwsgi
[uWSGI] getting INI configuration from uwsgi.ini
*** Starting uWSGI 2.0.18 (64bit) on [Fri Nov 15 12:12:53 2019] ***
compiled with version: 7.4.0 on 15 November 2019 07:01:02
os: Linux-4.15.0-52-generic #56-Ubuntu SMP Tue Jun 4 22:49:08 UTC 2019
nodename: ubuntu
machine: x86_64
clock source: unix
detected number of CPU cores: 1
current working directory: /root/code/py/haiway_ide
detected binary path: /usr/local/bin/uwsgi
!!! no internal routing support, rebuild with pcre support !!!
uWSGI running as root, you can use --uid/--gid/--chroot options
*** WARNING: you are running uWSGI as root !!! (use the --uid flag) *** 
chdir() to /root/code/py/haiway_ide/
your processes number limit is 7800
your memory page size is 4096 bytes
detected max file descriptor number: 65535
lock engine: pthread robust mutexes
thunder lock: disabled (you can enable it with --thunder-lock)
uWSGI http bound on :8010 fd 3
uwsgi socket 0 inherited INET address 127.0.0.1:8001 fd 6
uWSGI running as root, you can use --uid/--gid/--chroot options
*** WARNING: you are running uWSGI as root !!! (use the --uid flag) *** 
Python version: 3.6.8 (default, Oct  7 2019, 12:59:55)  [GCC 8.3.0]
Python main interpreter initialized at 0x557ac34a5ce0
uWSGI running as root, you can use --uid/--gid/--chroot options
*** WARNING: you are running uWSGI as root !!! (use the --uid flag) *** 
python threads support enabled
your server socket listen backlog is limited to 100 connections
your mercy for graceful operations on workers is 60 seconds
mapped 416720 bytes (406 KB) for 8 cores
*** Operational MODE: preforking+threaded ***
WSGI app 0 (mountpoint='') ready in 0 seconds on interpreter 0x557ac34a5ce0 pid: 5883 (default app)
uWSGI running as root, you can use --uid/--gid/--chroot options
*** WARNING: you are running uWSGI as root !!! (use the --uid flag) *** 
*** uWSGI is running in multiple interpreter mode ***
gracefully (RE)spawned uWSGI master process (pid: 5883)
spawned uWSGI worker 1 (pid: 5927, cores: 2)
spawned uWSGI worker 2 (pid: 5928, cores: 2)
spawned uWSGI worker 3 (pid: 5929, cores: 2)
spawned uWSGI worker 4 (pid: 5930, cores: 2)
*** Stats server enabled on 127.0.0.1:9191 fd: 18 ***
spawned uWSGI http 1 (pid: 5931)
Fri Nov 15 12:12:55 2019 - *** /root/code/py/haiway_ide/ has been touched... grace them all !!! ***
gateway "uWSGI http 1" has been buried (pid: 5931)
...gracefully killing workers...
Gracefully killing worker 2 (pid: 5928)...
Gracefully killing worker 3 (pid: 5929)...
Gracefully killing worker 4 (pid: 5930)...
Gracefully killing worker 1 (pid: 5927)...
worker 1 buried after 1 seconds
worker 2 buried after 1 seconds
worker 3 buried after 1 seconds
worker 4 buried after 1 seconds
binary reloading uWSGI...
chdir() to /root/code/py/haiway_ide
closing all non-uwsgi socket fds > 2 (max_fd = 65535)...
found fd 6 mapped to socket 0 (127.0.0.1:8001)
running /usr/local/bin/uwsgi
[uWSGI] getting INI configuration from uwsgi.ini
*** Starting uWSGI 2.0.18 (64bit) on [Fri Nov 15 12:12:56 2019] ***
compiled with version: 7.4.0 on 15 November 2019 07:01:02
os: Linux-4.15.0-52-generic #56-Ubuntu SMP Tue Jun 4 22:49:08 UTC 2019
nodename: ubuntu
machine: x86_64
clock source: unix
detected number of CPU cores: 1
current working directory: /root/code/py/haiway_ide
detected binary path: /usr/local/bin/uwsgi
!!! no internal routing support, rebuild with pcre support !!!
uWSGI running as root, you can use --uid/--gid/--chroot options
*** WARNING: you are running uWSGI as root !!! (use the --uid flag) *** 
chdir() to /root/code/py/haiway_ide/
your processes number limit is 7800
your memory page size is 4096 bytes
detected max file descriptor number: 65535
lock engine: pthread robust mutexes
thunder lock: disabled (you can enable it with --thunder-lock)
uWSGI http bound on :8010 fd 3
uwsgi socket 0 inherited INET address 127.0.0.1:8001 fd 6
uWSGI running as root, you can use --uid/--gid/--chroot options
*** WARNING: you are running uWSGI as root !!! (use the --uid flag) *** 
Python version: 3.6.8 (default, Oct  7 2019, 12:59:55)  [GCC 8.3.0]
Python main interpreter initialized at 0x55a78dd9bce0
uWSGI running as root, you can use --uid/--gid/--chroot options
*** WARNING: you are running uWSGI as root !!! (use the --uid flag) *** 
python threads support enabled
your server socket listen backlog is limited to 100 connections
your mercy for graceful operations on workers is 60 seconds
mapped 416720 bytes (406 KB) for 8 cores
*** Operational MODE: preforking+threaded ***
WSGI app 0 (mountpoint='') ready in 0 seconds on interpreter 0x55a78dd9bce0 pid: 5883 (default app)
uWSGI running as root, you can use --uid/--gid/--chroot options
*** WARNING: you are running uWSGI as root !!! (use the --uid flag) *** 
*** uWSGI is running in multiple interpreter mode ***
gracefully (RE)spawned uWSGI master process (pid: 5883)
spawned uWSGI worker 1 (pid: 5938, cores: 2)
spawned uWSGI worker 2 (pid: 5939, cores: 2)
spawned uWSGI worker 3 (pid: 5940, cores: 2)
spawned uWSGI worker 4 (pid: 5941, cores: 2)
*** Stats server enabled on 127.0.0.1:9191 fd: 18 ***
spawned uWSGI http 1 (pid: 5942)
