*** Starting uWSGI 2.0.18 (64bit) on [Fri Nov 15 20:11:39 2019] ***
compiled with version: 7.4.0 on 15 November 2019 07:01:02
os: Linux-4.15.0-52-generic #56-Ubuntu SMP Tue Jun 4 22:49:08 UTC 2019
nodename: ubuntu
machine: x86_64
clock source: unix
detected number of CPU cores: 1
current working directory: /root/code/py/haiway_ide
detected binary path: /usr/local/bin/uwsgi
!!! no internal routing support, rebuild with pcre support !!!
uWSGI running as root, you can use --uid/--gid/--chroot options
*** WARNING: you are running uWSGI as root !!! (use the --uid flag) *** 
chdir() to /root/code/py/haiway_ide/
your processes number limit is 7800
your memory page size is 4096 bytes
detected max file descriptor number: 65535
lock engine: pthread robust mutexes
thunder lock: disabled (you can enable it with --thunder-lock)
uWSGI http bound on :8010 fd 3
uwsgi socket 0 bound to TCP address 127.0.0.1:8001 fd 6
uWSGI running as root, you can use --uid/--gid/--chroot options
*** WARNING: you are running uWSGI as root !!! (use the --uid flag) *** 
Python version: 3.6.8 (default, Oct  7 2019, 12:59:55)  [GCC 8.3.0]
Python main interpreter initialized at 0x55ce64f553c0
uWSGI running as root, you can use --uid/--gid/--chroot options
*** WARNING: you are running uWSGI as root !!! (use the --uid flag) *** 
python threads support enabled
your server socket listen backlog is limited to 100 connections
your mercy for graceful operations on workers is 60 seconds
mapped 416720 bytes (406 KB) for 8 cores
*** Operational MODE: preforking+threaded ***
WSGI app 0 (mountpoint='') ready in 0 seconds on interpreter 0x55ce64f553c0 pid: 5883 (default app)
uWSGI running as root, you can use --uid/--gid/--chroot options
*** WARNING: you are running uWSGI as root !!! (use the --uid flag) *** 
*** uWSGI is running in multiple interpreter mode ***
spawned uWSGI master process (pid: 5883)
spawned uWSGI worker 1 (pid: 5885, cores: 2)
spawned uWSGI worker 2 (pid: 5886, cores: 2)
spawned uWSGI worker 3 (pid: 5887, cores: 2)
spawned uWSGI worker 4 (pid: 5888, cores: 2)
*** Stats server enabled on 127.0.0.1:9191 fd: 18 ***
spawned uWSGI http 1 (pid: 5889)
Fri Nov 15 12:12:52 2019 - *** /root/code/py/haiway_ide/ has been touched... grace them all !!! ***
gateway "uWSGI http 1" has been buried (pid: 5889)
...gracefully killing workers...
Gracefully killing worker 1 (pid: 5885)...
Gracefully killing worker 2 (pid: 5886)...
Gracefully killing worker 3 (pid: 5887)...
Gracefully killing worker 4 (pid: 5888)...
worker 1 buried after 1 seconds
worker 2 buried after 1 seconds
worker 3 buried after 1 seconds
worker 4 buried after 1 seconds
binary reloading uWSGI...
chdir() to /root/code/py/haiway_ide
closing all non-uwsgi socket fds > 2 (max_fd = 65535)...
found fd 6 mapped to socket 0 (127.0.0.1:8001)
running /usr/local/bin/uwsgi
[uWSGI] getting INI configuration from uwsgi.ini
*** Starting uWSGI 2.0.18 (64bit) on [Fri Nov 15 12:12:53 2019] ***
compiled with version: 7.4.0 on 15 November 2019 07:01:02
os: Linux-4.15.0-52-generic #56-Ubuntu SMP Tue Jun 4 22:49:08 UTC 2019
nodename: ubuntu
machine: x86_64
clock source: unix
detected number of CPU cores: 1
current working directory: /root/code/py/haiway_ide
detected binary path: /usr/local/bin/uwsgi
!!! no internal routing support, rebuild with pcre support !!!
uWSGI running as root, you can use --uid/--gid/--chroot options
*** WARNING: you are running uWSGI as root !!! (use the --uid flag) *** 
chdir() to /root/code/py/haiway_ide/
your processes number limit is 7800
your memory page size is 4096 bytes
detected max file descriptor number: 65535
lock engine: pthread robust mutexes
thunder lock: disabled (you can enable it with --thunder-lock)
uWSGI http bound on :8010 fd 3
uwsgi socket 0 inherited INET address 127.0.0.1:8001 fd 6
uWSGI running as root, you can use --uid/--gid/--chroot options
*** WARNING: you are running uWSGI as root !!! (use the --uid flag) *** 
Python version: 3.6.8 (default, Oct  7 2019, 12:59:55)  [GCC 8.3.0]
Python main interpreter initialized at 0x557ac34a5ce0
uWSGI running as root, you can use --uid/--gid/--chroot options
*** WARNING: you are running uWSGI as root !!! (use the --uid flag) *** 
python threads support enabled
your server socket listen backlog is limited to 100 connections
your mercy for graceful operations on workers is 60 seconds
mapped 416720 bytes (406 KB) for 8 cores
*** Operational MODE: preforking+threaded ***
WSGI app 0 (mountpoint='') ready in 0 seconds on interpreter 0x557ac34a5ce0 pid: 5883 (default app)
uWSGI running as root, you can use --uid/--gid/--chroot options
*** WARNING: you are running uWSGI as root !!! (use the --uid flag) *** 
*** uWSGI is running in multiple interpreter mode ***
gracefully (RE)spawned uWSGI master process (pid: 5883)
spawned uWSGI worker 1 (pid: 5927, cores: 2)
spawned uWSGI worker 2 (pid: 5928, cores: 2)
spawned uWSGI worker 3 (pid: 5929, cores: 2)
spawned uWSGI worker 4 (pid: 5930, cores: 2)
*** Stats server enabled on 127.0.0.1:9191 fd: 18 ***
spawned uWSGI http 1 (pid: 5931)
Fri Nov 15 12:12:55 2019 - *** /root/code/py/haiway_ide/ has been touched... grace them all !!! ***
gateway "uWSGI http 1" has been buried (pid: 5931)
...gracefully killing workers...
Gracefully killing worker 2 (pid: 5928)...
Gracefully killing worker 3 (pid: 5929)...
Gracefully killing worker 4 (pid: 5930)...
Gracefully killing worker 1 (pid: 5927)...
worker 1 buried after 1 seconds
worker 2 buried after 1 seconds
worker 3 buried after 1 seconds
worker 4 buried after 1 seconds
binary reloading uWSGI...
chdir() to /root/code/py/haiway_ide
closing all non-uwsgi socket fds > 2 (max_fd = 65535)...
found fd 6 mapped to socket 0 (127.0.0.1:8001)
running /usr/local/bin/uwsgi
[uWSGI] getting INI configuration from uwsgi.ini
*** Starting uWSGI 2.0.18 (64bit) on [Fri Nov 15 12:12:56 2019] ***
compiled with version: 7.4.0 on 15 November 2019 07:01:02
os: Linux-4.15.0-52-generic #56-Ubuntu SMP Tue Jun 4 22:49:08 UTC 2019
nodename: ubuntu
machine: x86_64
clock source: unix
detected number of CPU cores: 1
current working directory: /root/code/py/haiway_ide
detected binary path: /usr/local/bin/uwsgi
!!! no internal routing support, rebuild with pcre support !!!
uWSGI running as root, you can use --uid/--gid/--chroot options
*** WARNING: you are running uWSGI as root !!! (use the --uid flag) *** 
chdir() to /root/code/py/haiway_ide/
your processes number limit is 7800
your memory page size is 4096 bytes
detected max file descriptor number: 65535
lock engine: pthread robust mutexes
thunder lock: disabled (you can enable it with --thunder-lock)
uWSGI http bound on :8010 fd 3
uwsgi socket 0 inherited INET address 127.0.0.1:8001 fd 6
uWSGI running as root, you can use --uid/--gid/--chroot options
*** WARNING: you are running uWSGI as root !!! (use the --uid flag) *** 
Python version: 3.6.8 (default, Oct  7 2019, 12:59:55)  [GCC 8.3.0]
Python main interpreter initialized at 0x55a78dd9bce0
uWSGI running as root, you can use --uid/--gid/--chroot options
*** WARNING: you are running uWSGI as root !!! (use the --uid flag) *** 
python threads support enabled
your server socket listen backlog is limited to 100 connections
your mercy for graceful operations on workers is 60 seconds
mapped 416720 bytes (406 KB) for 8 cores
*** Operational MODE: preforking+threaded ***
WSGI app 0 (mountpoint='') ready in 0 seconds on interpreter 0x55a78dd9bce0 pid: 5883 (default app)
uWSGI running as root, you can use --uid/--gid/--chroot options
*** WARNING: you are running uWSGI as root !!! (use the --uid flag) *** 
*** uWSGI is running in multiple interpreter mode ***
gracefully (RE)spawned uWSGI master process (pid: 5883)
spawned uWSGI worker 1 (pid: 5938, cores: 2)
spawned uWSGI worker 2 (pid: 5939, cores: 2)
spawned uWSGI worker 3 (pid: 5940, cores: 2)
spawned uWSGI worker 4 (pid: 5941, cores: 2)
*** Stats server enabled on 127.0.0.1:9191 fd: 18 ***
spawned uWSGI http 1 (pid: 5942)
Fri Nov 15 12:20:24 2019 - *** /root/code/py/haiway_ide/ has been touched... grace them all !!! ***
gateway "uWSGI http 1" has been buried (pid: 5942)
...gracefully killing workers...
Gracefully killing worker 1 (pid: 5938)...
Gracefully killing worker 2 (pid: 5939)...
Gracefully killing worker 3 (pid: 5940)...
Gracefully killing worker 4 (pid: 5941)...
worker 1 buried after 1 seconds
worker 2 buried after 1 seconds
worker 3 buried after 1 seconds
worker 4 buried after 1 seconds
binary reloading uWSGI...
chdir() to /root/code/py/haiway_ide
closing all non-uwsgi socket fds > 2 (max_fd = 65535)...
found fd 6 mapped to socket 0 (127.0.0.1:8001)
running /usr/local/bin/uwsgi
[uWSGI] getting INI configuration from uwsgi.ini
*** Starting uWSGI 2.0.18 (64bit) on [Fri Nov 15 12:20:25 2019] ***
compiled with version: 7.4.0 on 15 November 2019 07:01:02
os: Linux-4.15.0-52-generic #56-Ubuntu SMP Tue Jun 4 22:49:08 UTC 2019
nodename: ubuntu
machine: x86_64
clock source: unix
detected number of CPU cores: 1
current working directory: /root/code/py/haiway_ide
detected binary path: /usr/local/bin/uwsgi
!!! no internal routing support, rebuild with pcre support !!!
uWSGI running as root, you can use --uid/--gid/--chroot options
*** WARNING: you are running uWSGI as root !!! (use the --uid flag) *** 
chdir() to /root/code/py/haiway_ide/
your processes number limit is 7800
your memory page size is 4096 bytes
detected max file descriptor number: 65535
lock engine: pthread robust mutexes
thunder lock: disabled (you can enable it with --thunder-lock)
uWSGI http bound on :8010 fd 3
uwsgi socket 0 inherited INET address 127.0.0.1:8001 fd 6
uWSGI running as root, you can use --uid/--gid/--chroot options
*** WARNING: you are running uWSGI as root !!! (use the --uid flag) *** 
Python version: 3.6.8 (default, Oct  7 2019, 12:59:55)  [GCC 8.3.0]
Python main interpreter initialized at 0x562758059ce0
uWSGI running as root, you can use --uid/--gid/--chroot options
*** WARNING: you are running uWSGI as root !!! (use the --uid flag) *** 
python threads support enabled
your server socket listen backlog is limited to 100 connections
your mercy for graceful operations on workers is 60 seconds
mapped 416720 bytes (406 KB) for 8 cores
*** Operational MODE: preforking+threaded ***
WSGI app 0 (mountpoint='') ready in 1 seconds on interpreter 0x562758059ce0 pid: 5883 (default app)
uWSGI running as root, you can use --uid/--gid/--chroot options
*** WARNING: you are running uWSGI as root !!! (use the --uid flag) *** 
*** uWSGI is running in multiple interpreter mode ***
gracefully (RE)spawned uWSGI master process (pid: 5883)
spawned uWSGI worker 1 (pid: 5988, cores: 2)
spawned uWSGI worker 2 (pid: 5989, cores: 2)
spawned uWSGI worker 3 (pid: 5990, cores: 2)
spawned uWSGI worker 4 (pid: 5991, cores: 2)
*** Stats server enabled on 127.0.0.1:9191 fd: 18 ***
spawned uWSGI http 1 (pid: 5992)
Fri Nov 15 12:30:26 2019 - *** /root/code/py/haiway_ide/ has been touched... grace them all !!! ***
gateway "uWSGI http 1" has been buried (pid: 5992)
...gracefully killing workers...
Gracefully killing worker 1 (pid: 5988)...
Gracefully killing worker 2 (pid: 5989)...
Gracefully killing worker 3 (pid: 5990)...
Gracefully killing worker 4 (pid: 5991)...
worker 1 buried after 1 seconds
worker 2 buried after 1 seconds
worker 3 buried after 1 seconds
worker 4 buried after 1 seconds
binary reloading uWSGI...
chdir() to /root/code/py/haiway_ide
closing all non-uwsgi socket fds > 2 (max_fd = 65535)...
found fd 6 mapped to socket 0 (127.0.0.1:8001)
running /usr/local/bin/uwsgi
[uWSGI] getting INI configuration from uwsgi.ini
*** Starting uWSGI 2.0.18 (64bit) on [Fri Nov 15 12:30:27 2019] ***
compiled with version: 7.4.0 on 15 November 2019 07:01:02
os: Linux-4.15.0-52-generic #56-Ubuntu SMP Tue Jun 4 22:49:08 UTC 2019
nodename: ubuntu
machine: x86_64
clock source: unix
detected number of CPU cores: 1
current working directory: /root/code/py/haiway_ide
detected binary path: /usr/local/bin/uwsgi
!!! no internal routing support, rebuild with pcre support !!!
uWSGI running as root, you can use --uid/--gid/--chroot options
*** WARNING: you are running uWSGI as root !!! (use the --uid flag) *** 
chdir() to /root/code/py/haiway_ide/
your processes number limit is 7800
your memory page size is 4096 bytes
detected max file descriptor number: 65535
lock engine: pthread robust mutexes
thunder lock: disabled (you can enable it with --thunder-lock)
uWSGI http bound on :8010 fd 3
uwsgi socket 0 inherited INET address 127.0.0.1:8001 fd 6
uWSGI running as root, you can use --uid/--gid/--chroot options
*** WARNING: you are running uWSGI as root !!! (use the --uid flag) *** 
Python version: 3.6.8 (default, Oct  7 2019, 12:59:55)  [GCC 8.3.0]
Python main interpreter initialized at 0x55d53e09cce0
uWSGI running as root, you can use --uid/--gid/--chroot options
*** WARNING: you are running uWSGI as root !!! (use the --uid flag) *** 
python threads support enabled
your server socket listen backlog is limited to 100 connections
your mercy for graceful operations on workers is 60 seconds
mapped 416720 bytes (406 KB) for 8 cores
*** Operational MODE: preforking+threaded ***
WSGI app 0 (mountpoint='') ready in 1 seconds on interpreter 0x55d53e09cce0 pid: 5883 (default app)
uWSGI running as root, you can use --uid/--gid/--chroot options
*** WARNING: you are running uWSGI as root !!! (use the --uid flag) *** 
*** uWSGI is running in multiple interpreter mode ***
gracefully (RE)spawned uWSGI master process (pid: 5883)
spawned uWSGI worker 1 (pid: 6069, cores: 2)
spawned uWSGI worker 2 (pid: 6070, cores: 2)
spawned uWSGI worker 3 (pid: 6071, cores: 2)
spawned uWSGI worker 4 (pid: 6072, cores: 2)
*** Stats server enabled on 127.0.0.1:9191 fd: 18 ***
spawned uWSGI http 1 (pid: 6073)
Fri Nov 15 12:33:35 2019 - *** /root/code/py/haiway_ide/ has been touched... grace them all !!! ***
gateway "uWSGI http 1" has been buried (pid: 6073)
...gracefully killing workers...
Gracefully killing worker 1 (pid: 6069)...
Gracefully killing worker 2 (pid: 6070)...
Gracefully killing worker 3 (pid: 6071)...
Gracefully killing worker 4 (pid: 6072)...
worker 1 buried after 1 seconds
worker 2 buried after 1 seconds
worker 3 buried after 1 seconds
worker 4 buried after 1 seconds
binary reloading uWSGI...
chdir() to /root/code/py/haiway_ide
closing all non-uwsgi socket fds > 2 (max_fd = 65535)...
found fd 6 mapped to socket 0 (127.0.0.1:8001)
running /usr/local/bin/uwsgi
[uWSGI] getting INI configuration from uwsgi.ini
*** Starting uWSGI 2.0.18 (64bit) on [Fri Nov 15 12:33:36 2019] ***
compiled with version: 7.4.0 on 15 November 2019 07:01:02
os: Linux-4.15.0-52-generic #56-Ubuntu SMP Tue Jun 4 22:49:08 UTC 2019
nodename: ubuntu
machine: x86_64
clock source: unix
detected number of CPU cores: 1
current working directory: /root/code/py/haiway_ide
detected binary path: /usr/local/bin/uwsgi
!!! no internal routing support, rebuild with pcre support !!!
uWSGI running as root, you can use --uid/--gid/--chroot options
*** WARNING: you are running uWSGI as root !!! (use the --uid flag) *** 
chdir() to /root/code/py/haiway_ide/
your processes number limit is 7800
your memory page size is 4096 bytes
detected max file descriptor number: 65535
lock engine: pthread robust mutexes
thunder lock: disabled (you can enable it with --thunder-lock)
uwsgi socket 0 bound to TCP address :8001 fd 3
uWSGI running as root, you can use --uid/--gid/--chroot options
*** WARNING: you are running uWSGI as root !!! (use the --uid flag) *** 
Python version: 3.6.8 (default, Oct  7 2019, 12:59:55)  [GCC 8.3.0]
Python main interpreter initialized at 0x565305dc2950
uWSGI running as root, you can use --uid/--gid/--chroot options
*** WARNING: you are running uWSGI as root !!! (use the --uid flag) *** 
python threads support enabled
your server socket listen backlog is limited to 100 connections
your mercy for graceful operations on workers is 60 seconds
mapped 416720 bytes (406 KB) for 8 cores
*** Operational MODE: preforking+threaded ***
ModuleNotFoundError: No module named 'haiway_ide/wsgi'
unable to load app 0 (mountpoint='') (callable not found or import error)
*** no app loaded. going in full dynamic mode ***
uWSGI running as root, you can use --uid/--gid/--chroot options
*** WARNING: you are running uWSGI as root !!! (use the --uid flag) *** 
*** uWSGI is running in multiple interpreter mode ***
gracefully (RE)spawned uWSGI master process (pid: 5883)
spawned uWSGI worker 1 (pid: 6080, cores: 2)
spawned uWSGI worker 2 (pid: 6081, cores: 2)
spawned uWSGI worker 3 (pid: 6082, cores: 2)
spawned uWSGI worker 4 (pid: 6083, cores: 2)
*** Starting uWSGI 2.0.18 (64bit) on [Fri Nov 15 20:55:47 2019] ***
compiled with version: 7.4.0 on 15 November 2019 07:01:02
os: Linux-4.15.0-52-generic #56-Ubuntu SMP Tue Jun 4 22:49:08 UTC 2019
nodename: ubuntu
machine: x86_64
clock source: unix
detected number of CPU cores: 1
current working directory: /root/code/py/haiway_ide
detected binary path: /usr/local/bin/uwsgi
!!! no internal routing support, rebuild with pcre support !!!
uWSGI running as root, you can use --uid/--gid/--chroot options
*** WARNING: you are running uWSGI as root !!! (use the --uid flag) *** 
chdir() to /root/code/py/haiway_ide/
your processes number limit is 7800
your memory page size is 4096 bytes
detected max file descriptor number: 65535
lock engine: pthread robust mutexes
thunder lock: disabled (you can enable it with --thunder-lock)
uWSGI http bound on :8010 fd 3
probably another instance of uWSGI is running on the same address (127.0.0.1:8001).
bind(): Address already in use [core/socket.c line 769]
--- no python application found, check your startup logs for errors ---
[pid: 6080|app: -1|req: -1/1] 61.158.152.164 () {44 vars in 741 bytes} [Fri Nov 15 13:02:56 2019] GET / => generated 21 bytes in 0 msecs (HTTP/1.1 500) 2 headers in 83 bytes (0 switches on core 0)
--- no python application found, check your startup logs for errors ---
[pid: 6083|app: -1|req: -1/2] 61.158.152.164 () {40 vars in 648 bytes} [Fri Nov 15 13:03:00 2019] GET / => generated 21 bytes in 0 msecs (HTTP/1.1 500) 2 headers in 83 bytes (0 switches on core 0)
--- no python application found, check your startup logs for errors ---
[pid: 6080|app: -1|req: -1/3] 61.158.152.164 () {40 vars in 648 bytes} [Fri Nov 15 13:04:31 2019] GET / => generated 21 bytes in 0 msecs (HTTP/1.1 500) 2 headers in 83 bytes (0 switches on core 0)
--- no python application found, check your startup logs for errors ---
[pid: 6080|app: -1|req: -1/4] 61.158.152.164 () {40 vars in 648 bytes} [Fri Nov 15 13:07:27 2019] GET / => generated 21 bytes in 0 msecs (HTTP/1.1 500) 2 headers in 83 bytes (0 switches on core 0)
--- no python application found, check your startup logs for errors ---
[pid: 6081|app: -1|req: -1/5] 61.158.152.164 () {40 vars in 648 bytes} [Fri Nov 15 13:07:28 2019] GET / => generated 21 bytes in 0 msecs (HTTP/1.1 500) 2 headers in 83 bytes (0 switches on core 0)
--- no python application found, check your startup logs for errors ---
[pid: 6083|app: -1|req: -1/6] 61.158.152.164 () {40 vars in 648 bytes} [Fri Nov 15 13:07:30 2019] GET / => generated 21 bytes in 0 msecs (HTTP/1.1 500) 2 headers in 83 bytes (0 switches on core 0)
*** Starting uWSGI 2.0.18 (64bit) on [Fri Nov 15 21:09:11 2019] ***
compiled with version: 7.4.0 on 15 November 2019 07:01:02
os: Linux-4.15.0-52-generic #56-Ubuntu SMP Tue Jun 4 22:49:08 UTC 2019
nodename: ubuntu
machine: x86_64
clock source: unix
detected number of CPU cores: 1
current working directory: /root/code/py/haiway_ide
detected binary path: /usr/local/bin/uwsgi
!!! no internal routing support, rebuild with pcre support !!!
uWSGI running as root, you can use --uid/--gid/--chroot options
*** WARNING: you are running uWSGI as root !!! (use the --uid flag) *** 
chdir() to /root/code/py/haiway_ide/
your processes number limit is 7800
your memory page size is 4096 bytes
detected max file descriptor number: 65535
lock engine: pthread robust mutexes
thunder lock: disabled (you can enable it with --thunder-lock)
uWSGI http bound on :8010 fd 3
probably another instance of uWSGI is running on the same address (127.0.0.1:8001).
bind(): Address already in use [core/socket.c line 769]
--- no python application found, check your startup logs for errors ---
[pid: 6080|app: -1|req: -1/7] 61.158.152.164 () {40 vars in 648 bytes} [Fri Nov 15 13:13:49 2019] GET / => generated 21 bytes in 0 msecs (HTTP/1.1 500) 2 headers in 83 bytes (0 switches on core 0)
*** Starting uWSGI 2.0.18 (64bit) on [Fri Nov 15 21:17:58 2019] ***
compiled with version: 7.4.0 on 15 November 2019 07:01:02
os: Linux-4.15.0-52-generic #56-Ubuntu SMP Tue Jun 4 22:49:08 UTC 2019
nodename: ubuntu
machine: x86_64
clock source: unix
detected number of CPU cores: 1
current working directory: /root/code/py/haiway_ide
detected binary path: /usr/local/bin/uwsgi
!!! no internal routing support, rebuild with pcre support !!!
uWSGI running as root, you can use --uid/--gid/--chroot options
*** WARNING: you are running uWSGI as root !!! (use the --uid flag) *** 
chdir() to /root/code/py/haiway_ide/
your processes number limit is 7800
your memory page size is 4096 bytes
detected max file descriptor number: 65535
lock engine: pthread robust mutexes
thunder lock: disabled (you can enable it with --thunder-lock)
uWSGI http bound on :8010 fd 3
probably another instance of uWSGI is running on the same address (127.0.0.1:8001).
bind(): Address already in use [core/socket.c line 769]
--- no python application found, check your startup logs for errors ---
[pid: 6080|app: -1|req: -1/8] 61.158.152.164 () {40 vars in 648 bytes} [Fri Nov 15 13:18:37 2019] GET / => generated 21 bytes in 0 msecs (HTTP/1.1 500) 2 headers in 83 bytes (0 switches on core 0)
--- no python application found, check your startup logs for errors ---
[pid: 6083|app: -1|req: -1/9] 61.158.152.164 () {40 vars in 648 bytes} [Fri Nov 15 13:18:39 2019] GET / => generated 21 bytes in 0 msecs (HTTP/1.1 500) 2 headers in 83 bytes (0 switches on core 0)
invalid request block size: 21573 (max 4096)...skip
invalid request block size: 21573 (max 4096)...skip
invalid request block size: 21573 (max 4096)...skip
--- no python application found, check your startup logs for errors ---
[pid: 6080|app: -1|req: -1/10] 61.158.152.164 () {40 vars in 735 bytes} [Fri Nov 15 13:19:30 2019] GET / => generated 21 bytes in 0 msecs (HTTP/1.1 500) 2 headers in 83 bytes (0 switches on core 0)
--- no python application found, check your startup logs for errors ---
[pid: 6080|app: -1|req: -1/11] 61.158.152.164 () {40 vars in 680 bytes} [Fri Nov 15 13:19:31 2019] GET /favicon.ico => generated 21 bytes in 0 msecs (HTTP/1.1 500) 2 headers in 83 bytes (0 switches on core 0)
invalid request block size: 21573 (max 4096)...skip
invalid request block size: 21573 (max 4096)...skip
invalid request block size: 21573 (max 4096)...skip
invalid request block size: 21573 (max 4096)...skip
invalid request block size: 21573 (max 4096)...skip
...brutally killing workers...
worker 1 buried after 1 seconds
worker 2 buried after 1 seconds
worker 3 buried after 1 seconds
worker 4 buried after 1 seconds
binary reloading uWSGI...
chdir() to /root/code/py/haiway_ide
closing all non-uwsgi socket fds > 2 (max_fd = 65535)...
found fd 3 mapped to socket 0 (:8001)
running /usr/local/bin/uwsgi
[uWSGI] getting INI configuration from uwsgi.ini
*** Starting uWSGI 2.0.18 (64bit) on [Fri Nov 15 13:22:30 2019] ***
compiled with version: 7.4.0 on 15 November 2019 07:01:02
os: Linux-4.15.0-52-generic #56-Ubuntu SMP Tue Jun 4 22:49:08 UTC 2019
nodename: ubuntu
machine: x86_64
clock source: unix
detected number of CPU cores: 1
current working directory: /root/code/py/haiway_ide
detected binary path: /usr/local/bin/uwsgi
!!! no internal routing support, rebuild with pcre support !!!
uWSGI running as root, you can use --uid/--gid/--chroot options
*** WARNING: you are running uWSGI as root !!! (use the --uid flag) *** 
chdir() to /root/code/py/haiway_ide/
your processes number limit is 7800
your memory page size is 4096 bytes
detected max file descriptor number: 65535
lock engine: pthread robust mutexes
thunder lock: disabled (you can enable it with --thunder-lock)
uWSGI http bound on :8010 fd 4
uwsgi socket 0 bound to TCP address 127.0.0.1:8001 fd 3
uWSGI running as root, you can use --uid/--gid/--chroot options
*** WARNING: you are running uWSGI as root !!! (use the --uid flag) *** 
Python version: 3.6.8 (default, Oct  7 2019, 12:59:55)  [GCC 8.3.0]
Python main interpreter initialized at 0x563f6d5521f0
uWSGI running as root, you can use --uid/--gid/--chroot options
*** WARNING: you are running uWSGI as root !!! (use the --uid flag) *** 
python threads support enabled
your server socket listen backlog is limited to 100 connections
your mercy for graceful operations on workers is 60 seconds
mapped 416720 bytes (406 KB) for 8 cores
*** Operational MODE: preforking+threaded ***
WSGI app 0 (mountpoint='') ready in 0 seconds on interpreter 0x563f6d5521f0 pid: 5883 (default app)
uWSGI running as root, you can use --uid/--gid/--chroot options
*** WARNING: you are running uWSGI as root !!! (use the --uid flag) *** 
*** uWSGI is running in multiple interpreter mode ***
gracefully (RE)spawned uWSGI master process (pid: 5883)
spawned uWSGI worker 1 (pid: 6510, cores: 2)
spawned uWSGI worker 2 (pid: 6511, cores: 2)
spawned uWSGI worker 3 (pid: 6512, cores: 2)
spawned uWSGI worker 4 (pid: 6513, cores: 2)
*** Stats server enabled on 127.0.0.1:9191 fd: 18 ***
spawned uWSGI http 1 (pid: 6514)
Invalid HTTP_HOST header: '47.98.227.204'. You may need to add '47.98.227.204' to ALLOWED_HOSTS.
Bad Request: /
[pid: 6510|app: 0|req: 1/1] 61.158.152.164 () {40 vars in 648 bytes} [Fri Nov 15 13:23:42 2019] GET / => generated 55084 bytes in 43 msecs (HTTP/1.1 400) 1 headers in 53 bytes (1 switches on core 0)
Invalid HTTP_HOST header: '47.98.227.204'. You may need to add '47.98.227.204' to ALLOWED_HOSTS.
Bad Request: /
[pid: 6510|app: 0|req: 2/2] 61.158.152.164 () {40 vars in 648 bytes} [Fri Nov 15 13:23:48 2019] GET / => generated 55084 bytes in 53 msecs (HTTP/1.1 400) 1 headers in 53 bytes (1 switches on core 1)
Invalid HTTP_HOST header: '47.98.227.204'. You may need to add '47.98.227.204' to ALLOWED_HOSTS.
Bad Request: /ide
[pid: 6510|app: 0|req: 3/3] 61.158.152.164 () {40 vars in 655 bytes} [Fri Nov 15 13:23:49 2019] GET //ide => generated 55121 bytes in 31 msecs (HTTP/1.1 400) 1 headers in 53 bytes (1 switches on core 0)
Invalid HTTP_HOST header: '47.98.227.204'. You may need to add '47.98.227.204' to ALLOWED_HOSTS.
Bad Request: /favicon.ico
[pid: 6510|app: 0|req: 4/4] 61.158.152.164 () {40 vars in 616 bytes} [Fri Nov 15 13:23:49 2019] GET /favicon.ico => generated 55162 bytes in 32 msecs (HTTP/1.1 400) 1 headers in 53 bytes (1 switches on core 1)
Invalid HTTP_HOST header: '47.98.227.204'. You may need to add '47.98.227.204' to ALLOWED_HOSTS.
Bad Request: /ide
[pid: 6510|app: 0|req: 5/5] 61.158.152.164 () {40 vars in 654 bytes} [Fri Nov 15 13:23:53 2019] GET /ide => generated 55120 bytes in 28 msecs (HTTP/1.1 400) 1 headers in 53 bytes (1 switches on core 0)
Invalid HTTP_HOST header: '47.98.227.204'. You may need to add '47.98.227.204' to ALLOWED_HOSTS.
Bad Request: /favicon.ico
[pid: 6510|app: 0|req: 6/6] 61.158.152.164 () {40 vars in 615 bytes} [Fri Nov 15 13:23:54 2019] GET /favicon.ico => generated 55161 bytes in 28 msecs (HTTP/1.1 400) 1 headers in 53 bytes (1 switches on core 1)
Invalid HTTP_HOST header: '47.98.227.204'. You may need to add '47.98.227.204' to ALLOWED_HOSTS.
Bad Request: /ide
[pid: 6510|app: 0|req: 7/7] 61.158.152.164 () {40 vars in 654 bytes} [Fri Nov 15 13:24:20 2019] GET /ide => generated 55120 bytes in 40 msecs (HTTP/1.1 400) 1 headers in 53 bytes (1 switches on core 0)
Invalid HTTP_HOST header: '47.98.227.204'. You may need to add '47.98.227.204' to ALLOWED_HOSTS.
Bad Request: /
[pid: 6510|app: 0|req: 8/8] 61.158.152.164 () {40 vars in 648 bytes} [Fri Nov 15 13:24:21 2019] GET / => generated 55084 bytes in 30 msecs (HTTP/1.1 400) 1 headers in 53 bytes (1 switches on core 1)
Invalid HTTP_HOST header: '47.98.227.204:8010'. You may need to add '47.98.227.204' to ALLOWED_HOSTS.
Bad Request: /
[pid: 6510|app: 0|req: 9/9] 61.158.152.164 () {36 vars in 593 bytes} [Fri Nov 15 13:24:23 2019] GET / => generated 54746 bytes in 28 msecs (HTTP/1.1 400) 1 headers in 53 bytes (1 switches on core 0)
Invalid HTTP_HOST header: '47.98.227.204:8010'. You may need to add '47.98.227.204' to ALLOWED_HOSTS.
Bad Request: /favicon.ico
[pid: 6510|app: 0|req: 10/10] 61.158.152.164 () {36 vars in 561 bytes} [Fri Nov 15 13:24:23 2019] GET /favicon.ico => generated 54824 bytes in 29 msecs (HTTP/1.1 400) 1 headers in 53 bytes (1 switches on core 1)
Invalid HTTP_HOST header: '47.98.227.204:8010'. You may need to add '47.98.227.204' to ALLOWED_HOSTS.
Bad Request: /
[pid: 6510|app: 0|req: 11/11] 61.158.152.164 () {36 vars in 592 bytes} [Fri Nov 15 13:24:26 2019] GET / => generated 54745 bytes in 49 msecs (HTTP/1.1 400) 1 headers in 53 bytes (1 switches on core 0)
Invalid HTTP_HOST header: '47.98.227.204:8010'. You may need to add '47.98.227.204' to ALLOWED_HOSTS.
Bad Request: /ide
[pid: 6510|app: 0|req: 12/12] 61.158.152.164 () {36 vars in 598 bytes} [Fri Nov 15 13:24:27 2019] GET /ide => generated 54781 bytes in 41 msecs (HTTP/1.1 400) 1 headers in 53 bytes (1 switches on core 1)
Invalid HTTP_HOST header: '47.98.227.204:8010'. You may need to add '47.98.227.204' to ALLOWED_HOSTS.
Bad Request: /favicon.ico
[pid: 6510|app: 0|req: 13/13] 61.158.152.164 () {36 vars in 564 bytes} [Fri Nov 15 13:24:44 2019] GET /favicon.ico => generated 54827 bytes in 31 msecs (HTTP/1.1 400) 1 headers in 53 bytes (1 switches on core 0)
gateway "uWSGI http 1" has been buried (pid: 6514)
...brutally killing workers...
worker 1 buried after 1 seconds
worker 2 buried after 1 seconds
worker 3 buried after 1 seconds
worker 4 buried after 1 seconds
binary reloading uWSGI...
chdir() to /root/code/py/haiway_ide
closing all non-uwsgi socket fds > 2 (max_fd = 65535)...
found fd 3 mapped to socket 0 (127.0.0.1:8001)
running /usr/local/bin/uwsgi
[uWSGI] getting INI configuration from uwsgi.ini
*** Starting uWSGI 2.0.18 (64bit) on [Fri Nov 15 13:25:18 2019] ***
compiled with version: 7.4.0 on 15 November 2019 07:01:02
os: Linux-4.15.0-52-generic #56-Ubuntu SMP Tue Jun 4 22:49:08 UTC 2019
nodename: ubuntu
machine: x86_64
clock source: unix
detected number of CPU cores: 1
current working directory: /root/code/py/haiway_ide
detected binary path: /usr/local/bin/uwsgi
!!! no internal routing support, rebuild with pcre support !!!
uWSGI running as root, you can use --uid/--gid/--chroot options
*** WARNING: you are running uWSGI as root !!! (use the --uid flag) *** 
chdir() to /root/code/py/haiway_ide/
your processes number limit is 7800
your memory page size is 4096 bytes
detected max file descriptor number: 65535
lock engine: pthread robust mutexes
thunder lock: disabled (you can enable it with --thunder-lock)
uWSGI http bound on :8010 fd 4
uwsgi socket 0 inherited INET address 127.0.0.1:8001 fd 3
uWSGI running as root, you can use --uid/--gid/--chroot options
*** WARNING: you are running uWSGI as root !!! (use the --uid flag) *** 
Python version: 3.6.8 (default, Oct  7 2019, 12:59:55)  [GCC 8.3.0]
Python main interpreter initialized at 0x5570b1742ce0
uWSGI running as root, you can use --uid/--gid/--chroot options
*** WARNING: you are running uWSGI as root !!! (use the --uid flag) *** 
python threads support enabled
your server socket listen backlog is limited to 100 connections
your mercy for graceful operations on workers is 60 seconds
mapped 416720 bytes (406 KB) for 8 cores
*** Operational MODE: preforking+threaded ***
WSGI app 0 (mountpoint='') ready in 0 seconds on interpreter 0x5570b1742ce0 pid: 5883 (default app)
uWSGI running as root, you can use --uid/--gid/--chroot options
*** WARNING: you are running uWSGI as root !!! (use the --uid flag) *** 
*** uWSGI is running in multiple interpreter mode ***
gracefully (RE)spawned uWSGI master process (pid: 5883)
spawned uWSGI worker 1 (pid: 6526, cores: 2)
spawned uWSGI worker 2 (pid: 6527, cores: 2)
spawned uWSGI worker 3 (pid: 6528, cores: 2)
spawned uWSGI worker 4 (pid: 6529, cores: 2)
*** Stats server enabled on 127.0.0.1:9191 fd: 18 ***
spawned uWSGI http 1 (pid: 6530)
Fri Nov 15 13:26:01 2019 - uWSGI worker 1 screams: UAAAAAAH my master disconnected: i will kill myself !!!
Fri Nov 15 13:26:01 2019 - uWSGI worker 4 screams: UAAAAAAH my master disconnected: i will kill myself !!!
Fri Nov 15 13:26:01 2019 - uWSGI worker 2 screams: UAAAAAAH my master disconnected: i will kill myself !!!
Fri Nov 15 13:26:01 2019 - uWSGI worker 3 screams: UAAAAAAH my master disconnected: i will kill myself !!!
Fri Nov 15 13:26:01 2019 - uWSGI worker 1 screams: UAAAAAAH my master disconnected: i will kill myself !!!
Fri Nov 15 13:26:01 2019 - uWSGI worker 4 screams: UAAAAAAH my master disconnected: i will kill myself !!!
Fri Nov 15 13:26:01 2019 - uWSGI worker 3 screams: UAAAAAAH my master disconnected: i will kill myself !!!
Fri Nov 15 13:26:01 2019 - uWSGI worker 2 screams: UAAAAAAH my master disconnected: i will kill myself !!!
*** Starting uWSGI 2.0.18 (64bit) on [Fri Nov 15 21:31:18 2019] ***
compiled with version: 7.4.0 on 15 November 2019 07:01:02
os: Linux-4.15.0-52-generic #56-Ubuntu SMP Tue Jun 4 22:49:08 UTC 2019
nodename: ubuntu
machine: x86_64
clock source: unix
detected number of CPU cores: 1
current working directory: /root/code/py/haiway_ide
detected binary path: /usr/local/bin/uwsgi
!!! no internal routing support, rebuild with pcre support !!!
uWSGI running as root, you can use --uid/--gid/--chroot options
*** WARNING: you are running uWSGI as root !!! (use the --uid flag) *** 
chdir() to /root/code/py/haiway_ide/
your processes number limit is 7800
your memory page size is 4096 bytes
detected max file descriptor number: 65535
lock engine: pthread robust mutexes
thunder lock: disabled (you can enable it with --thunder-lock)
uWSGI http bound on :8010 fd 3
uwsgi socket 0 bound to TCP address 127.0.0.1:8001 fd 6
uWSGI running as root, you can use --uid/--gid/--chroot options
*** WARNING: you are running uWSGI as root !!! (use the --uid flag) *** 
Python version: 3.6.8 (default, Oct  7 2019, 12:59:55)  [GCC 8.3.0]
Python main interpreter initialized at 0x55b0bffb53c0
uWSGI running as root, you can use --uid/--gid/--chroot options
*** WARNING: you are running uWSGI as root !!! (use the --uid flag) *** 
python threads support enabled
your server socket listen backlog is limited to 100 connections
your mercy for graceful operations on workers is 60 seconds
mapped 416720 bytes (406 KB) for 8 cores
*** Operational MODE: preforking+threaded ***
WSGI app 0 (mountpoint='') ready in 1 seconds on interpreter 0x55b0bffb53c0 pid: 6596 (default app)
uWSGI running as root, you can use --uid/--gid/--chroot options
*** WARNING: you are running uWSGI as root !!! (use the --uid flag) *** 
*** uWSGI is running in multiple interpreter mode ***
spawned uWSGI master process (pid: 6596)
spawned uWSGI worker 1 (pid: 6598, cores: 2)
spawned uWSGI worker 2 (pid: 6599, cores: 2)
spawned uWSGI worker 3 (pid: 6600, cores: 2)
spawned uWSGI worker 4 (pid: 6601, cores: 2)
*** Stats server enabled on 127.0.0.1:9191 fd: 18 ***
spawned uWSGI http 1 (pid: 6602)
invalid request block size: 21573 (max 4096)...skip
Not Found: /
[pid: 6600|app: 0|req: 1/1] 127.0.0.1 () {28 vars in 288 bytes} [Fri Nov 15 13:31:40 2019] GET / => generated 2029 bytes in 23 msecs (HTTP/1.1 404) 3 headers in 102 bytes (1 switches on core 0)
Fri Nov 15 13:36:24 2019 - uWSGI worker 3 screams: UAAAAAAH my master disconnected: i will kill myself !!!
Fri Nov 15 13:36:24 2019 - uWSGI worker 1 screams: UAAAAAAH my master disconnected: i will kill myself !!!
Fri Nov 15 13:36:24 2019 - uWSGI worker 2 screams: UAAAAAAH my master disconnected: i will kill myself !!!
Fri Nov 15 13:36:24 2019 - uWSGI worker 4 screams: UAAAAAAH my master disconnected: i will kill myself !!!
Fri Nov 15 13:36:24 2019 - uWSGI worker 3 screams: UAAAAAAH my master disconnected: i will kill myself !!!
Fri Nov 15 13:36:24 2019 - uWSGI worker 2 screams: UAAAAAAH my master disconnected: i will kill myself !!!
Fri Nov 15 13:36:24 2019 - uWSGI worker 4 screams: UAAAAAAH my master disconnected: i will kill myself !!!
Fri Nov 15 13:36:24 2019 - uWSGI worker 1 screams: UAAAAAAH my master disconnected: i will kill myself !!!
*** Starting uWSGI 2.0.18 (64bit) on [Fri Nov 15 21:36:47 2019] ***
compiled with version: 7.4.0 on 15 November 2019 07:01:02
os: Linux-4.15.0-52-generic #56-Ubuntu SMP Tue Jun 4 22:49:08 UTC 2019
nodename: ubuntu
machine: x86_64
clock source: unix
detected number of CPU cores: 1
current working directory: /root/code/py/haiway_ide
detected binary path: /usr/local/bin/uwsgi
!!! no internal routing support, rebuild with pcre support !!!
uWSGI running as root, you can use --uid/--gid/--chroot options
*** WARNING: you are running uWSGI as root !!! (use the --uid flag) *** 
chdir() to /root/code/py/haiway_ide/
your processes number limit is 7800
your memory page size is 4096 bytes
detected max file descriptor number: 65535
lock engine: pthread robust mutexes
thunder lock: disabled (you can enable it with --thunder-lock)
uWSGI http bound on :8010 fd 3
uwsgi socket 0 bound to TCP address 127.0.0.1:8001 fd 6
uWSGI running as root, you can use --uid/--gid/--chroot options
*** WARNING: you are running uWSGI as root !!! (use the --uid flag) *** 
Python version: 3.6.8 (default, Oct  7 2019, 12:59:55)  [GCC 8.3.0]
Python main interpreter initialized at 0x559b32c693e0
uWSGI running as root, you can use --uid/--gid/--chroot options
*** WARNING: you are running uWSGI as root !!! (use the --uid flag) *** 
python threads support enabled
your server socket listen backlog is limited to 100 connections
your mercy for graceful operations on workers is 60 seconds
mapped 416720 bytes (406 KB) for 8 cores
*** Operational MODE: preforking+threaded ***
WSGI app 0 (mountpoint='') ready in 1 seconds on interpreter 0x559b32c693e0 pid: 6632 (default app)
uWSGI running as root, you can use --uid/--gid/--chroot options
*** WARNING: you are running uWSGI as root !!! (use the --uid flag) *** 
*** uWSGI is running in multiple interpreter mode ***
spawned uWSGI master process (pid: 6632)
spawned uWSGI worker 1 (pid: 6634, cores: 2)
spawned uWSGI worker 2 (pid: 6635, cores: 2)
spawned uWSGI worker 3 (pid: 6636, cores: 2)
spawned uWSGI worker 4 (pid: 6637, cores: 2)
*** Stats server enabled on 127.0.0.1:9191 fd: 18 ***
spawned uWSGI http 1 (pid: 6638)
invalid request block size: 21573 (max 4096)...skip
[pid: 6635|app: 0|req: 1/1] 127.0.0.1 () {28 vars in 288 bytes} [Fri Nov 15 13:36:59 2019] GET / => generated 77 bytes in 22 msecs (HTTP/1.1 404) 3 headers in 100 bytes (1 switches on core 0)
Fri Nov 15 13:37:36 2019 - *** /root/code/py/haiway_ide/ has been touched... grace them all !!! ***
gateway "uWSGI http 1" has been buried (pid: 6638)
...gracefully killing workers...
Gracefully killing worker 1 (pid: 6634)...
Gracefully killing worker 2 (pid: 6635)...
Gracefully killing worker 3 (pid: 6636)...
Gracefully killing worker 4 (pid: 6637)...
worker 1 buried after 1 seconds
worker 2 buried after 1 seconds
worker 3 buried after 1 seconds
worker 4 buried after 1 seconds
binary reloading uWSGI...
chdir() to /root/code/py/haiway_ide
closing all non-uwsgi socket fds > 2 (max_fd = 65535)...
found fd 6 mapped to socket 0 (127.0.0.1:8001)
running /usr/local/bin/uwsgi
[uWSGI] getting INI configuration from uwsgi.ini
*** Starting uWSGI 2.0.18 (64bit) on [Fri Nov 15 13:37:37 2019] ***
compiled with version: 7.4.0 on 15 November 2019 07:01:02
os: Linux-4.15.0-52-generic #56-Ubuntu SMP Tue Jun 4 22:49:08 UTC 2019
nodename: ubuntu
machine: x86_64
clock source: unix
detected number of CPU cores: 1
current working directory: /root/code/py/haiway_ide
detected binary path: /usr/local/bin/uwsgi
!!! no internal routing support, rebuild with pcre support !!!
uWSGI running as root, you can use --uid/--gid/--chroot options
*** WARNING: you are running uWSGI as root !!! (use the --uid flag) *** 
chdir() to /root/code/py/haiway_ide/
your processes number limit is 7800
your memory page size is 4096 bytes
detected max file descriptor number: 65535
lock engine: pthread robust mutexes
thunder lock: disabled (you can enable it with --thunder-lock)
uWSGI http bound on :8010 fd 3
uwsgi socket 0 inherited INET address 127.0.0.1:8001 fd 6
uWSGI running as root, you can use --uid/--gid/--chroot options
*** WARNING: you are running uWSGI as root !!! (use the --uid flag) *** 
Python version: 3.6.8 (default, Oct  7 2019, 12:59:55)  [GCC 8.3.0]
Python main interpreter initialized at 0x55cb4a6b5d00
uWSGI running as root, you can use --uid/--gid/--chroot options
*** WARNING: you are running uWSGI as root !!! (use the --uid flag) *** 
python threads support enabled
your server socket listen backlog is limited to 100 connections
your mercy for graceful operations on workers is 60 seconds
mapped 416720 bytes (406 KB) for 8 cores
*** Operational MODE: preforking+threaded ***
WSGI app 0 (mountpoint='') ready in 0 seconds on interpreter 0x55cb4a6b5d00 pid: 6632 (default app)
uWSGI running as root, you can use --uid/--gid/--chroot options
*** WARNING: you are running uWSGI as root !!! (use the --uid flag) *** 
*** uWSGI is running in multiple interpreter mode ***
gracefully (RE)spawned uWSGI master process (pid: 6632)
spawned uWSGI worker 1 (pid: 6667, cores: 2)
spawned uWSGI worker 2 (pid: 6668, cores: 2)
spawned uWSGI worker 3 (pid: 6669, cores: 2)
spawned uWSGI worker 4 (pid: 6670, cores: 2)
*** Stats server enabled on 127.0.0.1:9191 fd: 18 ***
spawned uWSGI http 1 (pid: 6671)
Fri Nov 15 13:38:01 2019 - *** /root/code/py/haiway_ide/ has been touched... grace them all !!! ***
gateway "uWSGI http 1" has been buried (pid: 6671)
...gracefully killing workers...
Gracefully killing worker 2 (pid: 6668)...
Gracefully killing worker 3 (pid: 6669)...
Gracefully killing worker 4 (pid: 6670)...
Gracefully killing worker 1 (pid: 6667)...
worker 1 buried after 1 seconds
worker 2 buried after 1 seconds
worker 3 buried after 1 seconds
worker 4 buried after 1 seconds
binary reloading uWSGI...
chdir() to /root/code/py/haiway_ide
closing all non-uwsgi socket fds > 2 (max_fd = 65535)...
found fd 6 mapped to socket 0 (127.0.0.1:8001)
running /usr/local/bin/uwsgi
[uWSGI] getting INI configuration from uwsgi.ini
*** Starting uWSGI 2.0.18 (64bit) on [Fri Nov 15 13:38:02 2019] ***
compiled with version: 7.4.0 on 15 November 2019 07:01:02
os: Linux-4.15.0-52-generic #56-Ubuntu SMP Tue Jun 4 22:49:08 UTC 2019
nodename: ubuntu
machine: x86_64
clock source: unix
detected number of CPU cores: 1
current working directory: /root/code/py/haiway_ide
detected binary path: /usr/local/bin/uwsgi
!!! no internal routing support, rebuild with pcre support !!!
uWSGI running as root, you can use --uid/--gid/--chroot options
*** WARNING: you are running uWSGI as root !!! (use the --uid flag) *** 
chdir() to /root/code/py/haiway_ide/
your processes number limit is 7800
your memory page size is 4096 bytes
detected max file descriptor number: 65535
lock engine: pthread robust mutexes
thunder lock: disabled (you can enable it with --thunder-lock)
uWSGI http bound on :8010 fd 3
uwsgi socket 0 inherited INET address 127.0.0.1:8001 fd 6
uWSGI running as root, you can use --uid/--gid/--chroot options
*** WARNING: you are running uWSGI as root !!! (use the --uid flag) *** 
Python version: 3.6.8 (default, Oct  7 2019, 12:59:55)  [GCC 8.3.0]
Python main interpreter initialized at 0x55838a475d00
uWSGI running as root, you can use --uid/--gid/--chroot options
*** WARNING: you are running uWSGI as root !!! (use the --uid flag) *** 
python threads support enabled
your server socket listen backlog is limited to 100 connections
your mercy for graceful operations on workers is 60 seconds
mapped 416720 bytes (406 KB) for 8 cores
*** Operational MODE: preforking+threaded ***
WSGI app 0 (mountpoint='') ready in 1 seconds on interpreter 0x55838a475d00 pid: 6632 (default app)
uWSGI running as root, you can use --uid/--gid/--chroot options
*** WARNING: you are running uWSGI as root !!! (use the --uid flag) *** 
*** uWSGI is running in multiple interpreter mode ***
gracefully (RE)spawned uWSGI master process (pid: 6632)
spawned uWSGI worker 1 (pid: 6677, cores: 2)
spawned uWSGI worker 2 (pid: 6678, cores: 2)
spawned uWSGI worker 3 (pid: 6679, cores: 2)
spawned uWSGI worker 4 (pid: 6680, cores: 2)
*** Stats server enabled on 127.0.0.1:9191 fd: 18 ***
spawned uWSGI http 1 (pid: 6681)
[pid: 6678|app: 0|req: 1/1] 61.158.152.164 () {36 vars in 593 bytes} [Fri Nov 15 13:38:11 2019] GET / => generated 77 bytes in 19 msecs (HTTP/1.1 404) 3 headers in 100 bytes (1 switches on core 0)
[pid: 6678|app: 0|req: 2/2] 61.158.152.164 () {36 vars in 592 bytes} [Fri Nov 15 13:38:12 2019] GET / => generated 77 bytes in 1 msecs (HTTP/1.1 404) 3 headers in 100 bytes (1 switches on core 1)
[pid: 6678|app: 0|req: 3/3] 61.158.152.164 () {36 vars in 593 bytes} [Fri Nov 15 13:39:06 2019] GET / => generated 77 bytes in 1 msecs (HTTP/1.1 404) 3 headers in 100 bytes (1 switches on core 1)
[pid: 6679|app: 0|req: 1/4] 61.158.152.164 () {40 vars in 648 bytes} [Fri Nov 15 13:39:08 2019] GET / => generated 77 bytes in 20 msecs (HTTP/1.1 404) 3 headers in 100 bytes (1 switches on core 0)
[pid: 6679|app: 0|req: 2/5] 61.158.152.164 () {36 vars in 593 bytes} [Fri Nov 15 13:39:36 2019] GET / => generated 77 bytes in 1 msecs (HTTP/1.1 404) 3 headers in 100 bytes (1 switches on core 1)
[pid: 6680|app: 0|req: 1/6] 61.158.152.164 () {36 vars in 599 bytes} [Fri Nov 15 13:39:36 2019] GET /ide => generated 0 bytes in 9 msecs (HTTP/1.1 301) 3 headers in 110 bytes (1 switches on core 0)
[pid: 6680|app: 0|req: 2/7] 61.158.152.164 () {36 vars in 599 bytes} [Fri Nov 15 13:39:37 2019] GET /ide => generated 0 bytes in 1 msecs (HTTP/1.1 301) 3 headers in 110 bytes (1 switches on core 1)
[pid: 6678|app: 0|req: 4/8] 61.158.152.164 () {36 vars in 601 bytes} [Fri Nov 15 13:39:38 2019] GET /ide/ => generated 3424 bytes in 4 msecs (HTTP/1.1 200) 3 headers in 110 bytes (1 switches on core 0)
[pid: 6679|app: 0|req: 3/9] 61.158.152.164 () {36 vars in 612 bytes} [Fri Nov 15 13:39:38 2019] GET /static/js/javascript_compressed.js => generated 77 bytes in 1 msecs (HTTP/1.1 404) 3 headers in 100 bytes (1 switches on core 1)
[pid: 6680|app: 0|req: 4/10] 61.158.152.164 () {36 vars in 606 bytes} [Fri Nov 15 13:39:38 2019] GET /static/js/blockly_compressed.js => generated 77 bytes in 1 msecs (HTTP/1.1 404) 3 headers in 100 bytes (1 switches on core 0)
[pid: 6680|app: 0|req: 4/11] 61.158.152.164 () {36 vars in 604 bytes} [Fri Nov 15 13:39:38 2019] GET /static/js/blocks_compressed.js => generated 77 bytes in 17 msecs (HTTP/1.1 404) 3 headers in 100 bytes (1 switches on core 1)
[pid: 6678|app: 0|req: 5/12] 61.158.152.164 () {36 vars in 574 bytes} [Fri Nov 15 13:39:38 2019] GET /static/js/en.js => generated 77 bytes in 1 msecs (HTTP/1.1 404) 3 headers in 100 bytes (1 switches on core 1)
[pid: 6679|app: 0|req: 4/13] 61.158.152.164 () {36 vars in 590 bytes} [Fri Nov 15 13:39:38 2019] GET /static/js/code_clean.js => generated 77 bytes in 0 msecs (HTTP/1.1 404) 3 headers in 100 bytes (1 switches on core 0)
[pid: 6677|app: 0|req: 1/14] 61.158.152.164 () {36 vars in 588 bytes} [Fri Nov 15 13:39:38 2019] GET /static/js/FileSaver.js => generated 77 bytes in 20 msecs (HTTP/1.1 404) 3 headers in 100 bytes (1 switches on core 0)
[pid: 6677|app: 0|req: 2/15] 61.158.152.164 () {40 vars in 656 bytes} [Fri Nov 15 13:39:50 2019] GET /ide/ => generated 3424 bytes in 5 msecs (HTTP/1.1 200) 3 headers in 110 bytes (1 switches on core 1)
Fri Nov 15 13:47:04 2019 - *** /root/code/py/haiway_ide/ has been touched... grace them all !!! ***
gateway "uWSGI http 1" has been buried (pid: 6681)
...gracefully killing workers...
Gracefully killing worker 1 (pid: 6677)...
Gracefully killing worker 2 (pid: 6678)...
Gracefully killing worker 3 (pid: 6679)...
Gracefully killing worker 4 (pid: 6680)...
worker 1 buried after 1 seconds
worker 2 buried after 1 seconds
worker 3 buried after 1 seconds
worker 4 buried after 1 seconds
binary reloading uWSGI...
chdir() to /root/code/py/haiway_ide
closing all non-uwsgi socket fds > 2 (max_fd = 65535)...
found fd 6 mapped to socket 0 (127.0.0.1:8001)
running /usr/local/bin/uwsgi
[uWSGI] getting INI configuration from uwsgi.ini
*** Starting uWSGI 2.0.18 (64bit) on [Fri Nov 15 13:47:05 2019] ***
compiled with version: 7.4.0 on 15 November 2019 07:01:02
os: Linux-4.15.0-52-generic #56-Ubuntu SMP Tue Jun 4 22:49:08 UTC 2019
nodename: ubuntu
machine: x86_64
clock source: unix
detected number of CPU cores: 1
current working directory: /root/code/py/haiway_ide
detected binary path: /usr/local/bin/uwsgi
!!! no internal routing support, rebuild with pcre support !!!
uWSGI running as root, you can use --uid/--gid/--chroot options
*** WARNING: you are running uWSGI as root !!! (use the --uid flag) *** 
chdir() to /root/code/py/haiway_ide/
your processes number limit is 7800
your memory page size is 4096 bytes
detected max file descriptor number: 65535
lock engine: pthread robust mutexes
thunder lock: disabled (you can enable it with --thunder-lock)
uWSGI http bound on :8010 fd 3
uwsgi socket 0 inherited INET address 127.0.0.1:8001 fd 6
uWSGI running as root, you can use --uid/--gid/--chroot options
*** WARNING: you are running uWSGI as root !!! (use the --uid flag) *** 
Python version: 3.6.8 (default, Oct  7 2019, 12:59:55)  [GCC 8.3.0]
Python main interpreter initialized at 0x55beb2ae0d00
uWSGI running as root, you can use --uid/--gid/--chroot options
*** WARNING: you are running uWSGI as root !!! (use the --uid flag) *** 
python threads support enabled
your server socket listen backlog is limited to 100 connections
your mercy for graceful operations on workers is 60 seconds
mapped 416720 bytes (406 KB) for 8 cores
*** Operational MODE: preforking+threaded ***
WSGI app 0 (mountpoint='') ready in 1 seconds on interpreter 0x55beb2ae0d00 pid: 6632 (default app)
uWSGI running as root, you can use --uid/--gid/--chroot options
*** WARNING: you are running uWSGI as root !!! (use the --uid flag) *** 
*** uWSGI is running in multiple interpreter mode ***
gracefully (RE)spawned uWSGI master process (pid: 6632)
spawned uWSGI worker 1 (pid: 6749, cores: 2)
spawned uWSGI worker 2 (pid: 6750, cores: 2)
spawned uWSGI worker 3 (pid: 6751, cores: 2)
spawned uWSGI worker 4 (pid: 6752, cores: 2)
*** Stats server enabled on 127.0.0.1:9191 fd: 18 ***
spawned uWSGI http 1 (pid: 6753)
[pid: 6750|app: 0|req: 1/1] 61.158.152.164 () {40 vars in 655 bytes} [Fri Nov 15 13:52:31 2019] GET /ide/ => generated 3424 bytes in 21 msecs (HTTP/1.1 200) 3 headers in 110 bytes (1 switches on core 0)
[pid: 6750|app: 0|req: 2/2] 61.158.152.164 () {40 vars in 655 bytes} [Fri Nov 15 13:52:41 2019] GET /ide/ => generated 3424 bytes in 2 msecs (HTTP/1.1 200) 3 headers in 110 bytes (1 switches on core 1)
[pid: 6750|app: 0|req: 3/3] 95.213.177.124 () {40 vars in 702 bytes} [Fri Nov 15 14:51:48 2019] POST /azenv.php?auth=157382950809&a=PSCN&i=795009996&p=80 => generated 77 bytes in 3 msecs (HTTP/1.1 404) 3 headers in 100 bytes (1 switches on core 1)
[pid: 6750|app: 0|req: 4/4] 47.101.57.242 () {30 vars in 400 bytes} [Fri Nov 15 14:52:54 2019] GET / => generated 77 bytes in 1 msecs (HTTP/1.1 404) 3 headers in 100 bytes (1 switches on core 0)
[pid: 6750|app: 0|req: 5/5] 61.158.152.164 () {40 vars in 655 bytes} [Fri Nov 15 15:11:37 2019] GET /ide/ => generated 3424 bytes in 1 msecs (HTTP/1.1 200) 3 headers in 110 bytes (1 switches on core 1)
Fri Nov 15 15:15:55 2019 - uWSGI worker 2 screams: UAAAAAAH my master disconnected: i will kill myself !!!
Fri Nov 15 15:15:55 2019 - uWSGI worker 1 screams: UAAAAAAH my master disconnected: i will kill myself !!!
Fri Nov 15 15:15:55 2019 - uWSGI worker 3 screams: UAAAAAAH my master disconnected: i will kill myself !!!
Fri Nov 15 15:15:55 2019 - uWSGI worker 4 screams: UAAAAAAH my master disconnected: i will kill myself !!!
Fri Nov 15 15:15:55 2019 - uWSGI worker 2 screams: UAAAAAAH my master disconnected: i will kill myself !!!
Fri Nov 15 15:15:55 2019 - uWSGI worker 3 screams: UAAAAAAH my master disconnected: i will kill myself !!!
Fri Nov 15 15:15:55 2019 - uWSGI worker 4 screams: UAAAAAAH my master disconnected: i will kill myself !!!
Fri Nov 15 15:15:55 2019 - uWSGI worker 1 screams: UAAAAAAH my master disconnected: i will kill myself !!!
*** Starting uWSGI 2.0.18 (64bit) on [Fri Nov 15 23:16:45 2019] ***
compiled with version: 7.4.0 on 15 November 2019 07:01:02
os: Linux-4.15.0-52-generic #56-Ubuntu SMP Tue Jun 4 22:49:08 UTC 2019
nodename: ubuntu
machine: x86_64
clock source: unix
detected number of CPU cores: 1
current working directory: /root/code/py/haiway_ide
detected binary path: /usr/local/bin/uwsgi
!!! no internal routing support, rebuild with pcre support !!!
uWSGI running as root, you can use --uid/--gid/--chroot options
*** WARNING: you are running uWSGI as root !!! (use the --uid flag) *** 
chdir() to /root/code/py/haiway_ide/
your processes number limit is 7800
your memory page size is 4096 bytes
detected max file descriptor number: 65535
lock engine: pthread robust mutexes
thunder lock: disabled (you can enable it with --thunder-lock)
uWSGI http bound on :8010 fd 3
uwsgi socket 0 bound to TCP address 127.0.0.1:8001 fd 6
uWSGI running as root, you can use --uid/--gid/--chroot options
*** WARNING: you are running uWSGI as root !!! (use the --uid flag) *** 
Python version: 3.6.8 (default, Oct  7 2019, 12:59:55)  [GCC 8.3.0]
Python main interpreter initialized at 0x556c5bbcd3e0
uWSGI running as root, you can use --uid/--gid/--chroot options
*** WARNING: you are running uWSGI as root !!! (use the --uid flag) *** 
python threads support enabled
your server socket listen backlog is limited to 100 connections
your mercy for graceful operations on workers is 60 seconds
mapped 416720 bytes (406 KB) for 8 cores
*** Operational MODE: preforking+threaded ***
WSGI app 0 (mountpoint='') ready in 0 seconds on interpreter 0x556c5bbcd3e0 pid: 7218 (default app)
uWSGI running as root, you can use --uid/--gid/--chroot options
*** WARNING: you are running uWSGI as root !!! (use the --uid flag) *** 
*** uWSGI is running in multiple interpreter mode ***
spawned uWSGI master process (pid: 7218)
spawned uWSGI worker 1 (pid: 7220, cores: 2)
spawned uWSGI worker 2 (pid: 7221, cores: 2)
spawned uWSGI worker 3 (pid: 7222, cores: 2)
spawned uWSGI worker 4 (pid: 7223, cores: 2)
*** Stats server enabled on 127.0.0.1:9191 fd: 18 ***
spawned uWSGI http 1 (pid: 7224)
[pid: 7220|app: 0|req: 1/1] 61.158.152.164 () {40 vars in 648 bytes} [Fri Nov 15 15:17:06 2019] GET / => generated 77 bytes in 20 msecs (HTTP/1.1 404) 3 headers in 100 bytes (1 switches on core 0)
[pid: 7220|app: 0|req: 2/2] 61.158.152.164 () {40 vars in 654 bytes} [Fri Nov 15 15:17:07 2019] GET /ide => generated 0 bytes in 2 msecs (HTTP/1.1 301) 3 headers in 110 bytes (1 switches on core 1)
[pid: 7223|app: 0|req: 1/3] 61.158.152.164 () {40 vars in 656 bytes} [Fri Nov 15 15:17:08 2019] GET /ide/ => generated 3424 bytes in 23 msecs (HTTP/1.1 200) 3 headers in 110 bytes (1 switches on core 0)
[pid: 7220|app: 0|req: 3/4] 61.158.152.164 () {40 vars in 656 bytes} [Fri Nov 15 15:17:10 2019] GET /ide/ => generated 3424 bytes in 4 msecs (HTTP/1.1 200) 3 headers in 110 bytes (1 switches on core 1)
[pid: 7223|app: 0|req: 2/5] 61.158.152.164 () {40 vars in 744 bytes} [Fri Nov 15 15:17:39 2019] GET /ide/ => generated 3424 bytes in 2 msecs (HTTP/1.1 200) 3 headers in 110 bytes (1 switches on core 1)
[pid: 7223|app: 0|req: 3/6] 61.158.152.164 () {40 vars in 685 bytes} [Fri Nov 15 15:17:40 2019] GET /favicon.ico => generated 77 bytes in 2 msecs (HTTP/1.1 404) 3 headers in 100 bytes (1 switches on core 1)
[pid: 7220|app: 0|req: 4/7] 89.248.169.17 () {30 vars in 408 bytes} [Fri Nov 15 15:25:46 2019] POST /Login.htm => generated 77 bytes in 1 msecs (HTTP/1.0 404) 3 headers in 100 bytes (1 switches on core 0)
[pid: 7220|app: 0|req: 5/8] 61.158.152.164 () {42 vars in 775 bytes} [Fri Nov 15 15:26:22 2019] GET /ide/ => generated 3424 bytes in 1 msecs (HTTP/1.1 200) 3 headers in 110 bytes (1 switches on core 1)
[pid: 7220|app: 0|req: 6/9] 89.248.169.17 () {30 vars in 408 bytes} [Fri Nov 15 15:30:06 2019] POST /Login.htm => generated 77 bytes in 1 msecs (HTTP/1.0 404) 3 headers in 100 bytes (1 switches on core 1)
[pid: 7220|app: 0|req: 7/10] 61.158.152.164 () {42 vars in 775 bytes} [Fri Nov 15 15:30:49 2019] GET /ide/ => generated 3424 bytes in 1 msecs (HTTP/1.1 200) 3 headers in 110 bytes (1 switches on core 1)
[pid: 7220|app: 0|req: 8/11] 89.248.169.17 () {30 vars in 408 bytes} [Fri Nov 15 15:34:13 2019] POST /Login.htm => generated 77 bytes in 1 msecs (HTTP/1.0 404) 3 headers in 100 bytes (1 switches on core 1)
[pid: 7220|app: 0|req: 9/12] 61.158.152.164 () {42 vars in 774 bytes} [Fri Nov 15 15:35:50 2019] GET /ide/ => generated 3424 bytes in 1 msecs (HTTP/1.1 200) 3 headers in 110 bytes (1 switches on core 0)
[pid: 7220|app: 0|req: 10/13] 61.158.152.164 () {40 vars in 736 bytes} [Fri Nov 15 15:37:55 2019] GET / => generated 77 bytes in 1 msecs (HTTP/1.1 404) 3 headers in 100 bytes (1 switches on core 0)
[pid: 7223|app: 0|req: 4/14] 61.158.152.164 () {40 vars in 744 bytes} [Fri Nov 15 15:38:02 2019] GET /ide/ => generated 3424 bytes in 1 msecs (HTTP/1.1 200) 3 headers in 110 bytes (1 switches on core 0)
